  Assets\modelData\test.png
  Assets\modelData\utc_all2.tga
  Assets\Sprite\mikyan.jpg
  Assets\Sprite\TitleSprite.png
  Assets\Sprite\ActMenu.png
  Assets\Sprite\ActMenu1.png
  Assets\Sprite\ActState_Fill.png
  Assets\Sprite\ActState_Flat.png
  Assets\Sprite\ActState_Mining.png
  Assets\Sprite\None_Sprite.png
  Assets\Sprite\ItemBoxSprite.png
  Assets\Sprite\Inventory.png
  Assets\Sprite\Constructor.png
  Assets\Sprite\ItemBoxUsing.png
  Assets\Sprite\ItemRocket.png
  Assets\Sprite\RocketMenu.png
  Assets\Sprite\ExRocket.png
  Assets\Sprite\ExRocketClose.png
  Assets\Sprite\ExRocketLaunch.png
  Assets\modelData\ceiling022.jpg
  Assets\modelData\alien010.jpg
  Assets\modelData\control004.jpg
  Assets\modelData\BackWorld.FBX
  Assets\modelData\Constructor.FBX
  Assets\modelData\DrilPos.FBX
  Assets\modelData\ExplorationRocket.FBX
  Assets\modelData\ExRocketDL.FBX
  Assets\modelData\FlatRange.FBX
  Assets\modelData\IronOre.FBX
  Assets\modelData\ItemBox.FBX
  Assets\modelData\Space.FBX
  Assets\modelData\testbox.FBX
  Assets\modelData\unityChan.fbx
  ArrangeIron.cpp
c:\users\taiki.w\git\mygame\zekegame\zekegame\arrangeiron.cpp(12): warning C4244: '初期化中': 'int' から 'float' への変換です。データが失われる可能性があります。
c:\users\taiki.w\git\mygame\zekegame\zekegame\arrangeiron.cpp(13): warning C4244: '初期化中': 'int' から 'float' への変換です。データが失われる可能性があります。
c:\users\taiki.w\git\mygame\zekegame\zekegame\arrangeiron.cpp(19): warning C4244: '初期化中': 'int' から 'float' への変換です。データが失われる可能性があります。
c:\users\taiki.w\git\mygame\zekegame\zekegame\arrangeiron.cpp(20): warning C4244: '初期化中': 'int' から 'float' への変換です。データが失われる可能性があります。
c:\users\taiki.w\git\mygame\zekegame\zekegame\arrangeiron.cpp(22): warning C4244: '初期化中': 'int' から 'float' への変換です。データが失われる可能性があります。
  IConstructor.cpp
  Iron.cpp
  コード生成しています。
  5 of 1908 functions ( 0.3%) were compiled, the rest were copied from previous compilation.
    0 functions were new in current compilation
    3 functions had inline decision re-evaluated but remain unchanged
  コード生成が終了しました。
  ZekeGame.vcxproj -> C:\Users\Taiki.W\git\MyGame\ZekeGame\x64\Release\ZekeGame.exe
