c:\users\taiki.w\git\mygame\zekegame\zekegame\x64\release\vc141.pdb
c:\users\taiki.w\git\mygame\zekegame\zekegame\x64\release\pad.obj
c:\users\taiki.w\git\mygame\zekegame\zekegame\x64\release\sprite.obj
c:\users\taiki.w\git\mygame\zekegame\zekegame\x64\release\spbuffer.obj
c:\users\taiki.w\git\mygame\zekegame\zekegame\x64\release\effect.obj
c:\users\taiki.w\git\mygame\zekegame\zekegame\x64\release\skinmodeleffect.obj
c:\users\taiki.w\git\mygame\zekegame\zekegame\x64\release\skinmodeldatamanager.obj
c:\users\taiki.w\git\mygame\zekegame\zekegame\x64\release\skinmodel.obj
c:\users\taiki.w\git\mygame\zekegame\zekegame\x64\release\skelton.obj
c:\users\taiki.w\git\mygame\zekegame\zekegame\x64\release\shaderresources.obj
c:\users\taiki.w\git\mygame\zekegame\zekegame\x64\release\shader.obj
c:\users\taiki.w\git\mygame\zekegame\zekegame\x64\release\graphicsengine.obj
c:\users\taiki.w\git\mygame\zekegame\zekegame\x64\release\camera.obj
c:\users\taiki.w\git\mygame\zekegame\zekegame\x64\release\animationplaycontroller.obj
c:\users\taiki.w\git\mygame\zekegame\zekegame\x64\release\animationclip.obj
c:\users\taiki.w\git\mygame\zekegame\zekegame\x64\release\animation.obj
c:\users\taiki.w\git\mygame\zekegame\zekegame\x64\release\gameobject.obj
c:\users\taiki.w\git\mygame\zekegame\zekegame\x64\release\gamecamera.obj
c:\users\taiki.w\git\mygame\zekegame\zekegame\x64\release\charactercontroller.obj
c:\users\taiki.w\git\mygame\zekegame\zekegame\x64\release\window.obj
c:\users\taiki.w\git\mygame\zekegame\zekegame\x64\release\stdafx.obj
c:\users\taiki.w\git\mygame\zekegame\zekegame\x64\release\player.obj
c:\users\taiki.w\git\mygame\zekegame\zekegame\x64\release\rigitbody.obj
c:\users\taiki.w\git\mygame\zekegame\zekegame\x64\release\physicsstaticobject.obj
c:\users\taiki.w\git\mygame\zekegame\zekegame\x64\release\physics.obj
c:\users\taiki.w\git\mygame\zekegame\zekegame\x64\release\meshcollider.obj
c:\users\taiki.w\git\mygame\zekegame\zekegame\x64\release\capsulecollider.obj
c:\users\taiki.w\git\mygame\zekegame\zekegame\x64\release\vector.obj
c:\users\taiki.w\git\mygame\zekegame\zekegame\x64\release\matrix.obj
c:\users\taiki.w\git\mygame\zekegame\zekegame\x64\release\kmath.obj
c:\users\taiki.w\git\mygame\zekegame\zekegame\x64\release\mapchip.obj
c:\users\taiki.w\git\mygame\zekegame\zekegame\x64\release\level.obj
c:\users\taiki.w\git\mygame\zekegame\zekegame\x64\release\title.obj
c:\users\taiki.w\git\mygame\zekegame\zekegame\x64\release\main.obj
c:\users\taiki.w\git\mygame\zekegame\zekegame\x64\release\gamescene.obj
c:\users\taiki.w\git\mygame\zekegame\zekegame\x64\release\background.obj
c:\users\taiki.w\git\mygame\zekegame\x64\release\mikyan.dds
c:\users\taiki.w\git\mygame\zekegame\x64\release\utc_all2.dds
c:\users\taiki.w\git\mygame\zekegame\x64\release\test.dds
c:\users\taiki.w\git\mygame\zekegame\x64\release\titlesprite.dds
c:\users\taiki.w\git\mygame\zekegame\x64\release\space.cmo
c:\users\taiki.w\git\mygame\zekegame\x64\release\_program files (x86)_microsoft visual studio_2017_community_common7_ide_extensions_microsoft_vsgraphics_assets_effects_phong.dgsl.cso
c:\users\taiki.w\git\mygame\zekegame\x64\release\_users_taiki.w_git_mygame_zekegame_zekegame_assets_modeldata_sky.png.dds
c:\users\taiki.w\git\mygame\zekegame\x64\release\backworld.cmo
c:\users\taiki.w\git\mygame\zekegame\x64\release\_users_taiki.w_git_mygame_zekegame_zekegame_assets_modeldata_groundtexture.jpg.dds
c:\users\taiki.w\git\mygame\zekegame\x64\release\testbox.cmo
c:\users\taiki.w\git\mygame\zekegame\x64\release\_users_taiki.w_git_mygame_zekegame_zekegame_assets_modeldata_metals005x16.jpg.dds
c:\users\taiki.w\git\mygame\zekegame\x64\release\unitychan.cmo
c:\users\taiki.w\git\mygame\zekegame\x64\release\_users_taiki.w_git_mygame_zekegame_zekegame_assets_modeldata_utc__all2.tga.dds
c:\users\taiki.w\git\mygame\zekegame\zekegame\x64\release\zekegame.tlog\cl.command.1.tlog
c:\users\taiki.w\git\mygame\zekegame\zekegame\x64\release\zekegame.tlog\cl.read.1.tlog
c:\users\taiki.w\git\mygame\zekegame\zekegame\x64\release\zekegame.tlog\cl.write.1.tlog
c:\users\taiki.w\git\mygame\zekegame\zekegame\x64\release\zekegame.tlog\imagecontenttask-vsgraphics.15076.read.1.tlog
c:\users\taiki.w\git\mygame\zekegame\zekegame\x64\release\zekegame.tlog\imagecontenttask-vsgraphics.15076.write.1.tlog
c:\users\taiki.w\git\mygame\zekegame\zekegame\x64\release\zekegame.tlog\imagecontenttask-vsgraphics.2644.read.1.tlog
c:\users\taiki.w\git\mygame\zekegame\zekegame\x64\release\zekegame.tlog\imagecontenttask-vsgraphics.2644.write.1.tlog
c:\users\taiki.w\git\mygame\zekegame\zekegame\x64\release\zekegame.tlog\imagecontenttask-vsgraphics.6696.read.1.tlog
c:\users\taiki.w\git\mygame\zekegame\zekegame\x64\release\zekegame.tlog\imagecontenttask-vsgraphics.6696.write.1.tlog
c:\users\taiki.w\git\mygame\zekegame\zekegame\x64\release\zekegame.tlog\imagecontenttask-vsgraphics.read.1.tlog
c:\users\taiki.w\git\mygame\zekegame\zekegame\x64\release\zekegame.tlog\imagecontenttask-vsgraphics.write.1.tlog
c:\users\taiki.w\git\mygame\zekegame\zekegame\x64\release\zekegame.tlog\link.23528.read.1.tlog
c:\users\taiki.w\git\mygame\zekegame\zekegame\x64\release\zekegame.tlog\link.23528.write.1.tlog
c:\users\taiki.w\git\mygame\zekegame\zekegame\x64\release\zekegame.tlog\link.command.1.tlog
c:\users\taiki.w\git\mygame\zekegame\zekegame\x64\release\zekegame.tlog\meshcontenttask-vsgraphics.11868.read.1.tlog
c:\users\taiki.w\git\mygame\zekegame\zekegame\x64\release\zekegame.tlog\meshcontenttask-vsgraphics.11868.write.1.tlog
c:\users\taiki.w\git\mygame\zekegame\zekegame\x64\release\zekegame.tlog\meshcontenttask-vsgraphics.2104.read.1.tlog
c:\users\taiki.w\git\mygame\zekegame\zekegame\x64\release\zekegame.tlog\meshcontenttask-vsgraphics.2104.write.1.tlog
c:\users\taiki.w\git\mygame\zekegame\zekegame\x64\release\zekegame.tlog\meshcontenttask-vsgraphics.9892.read.1.tlog
c:\users\taiki.w\git\mygame\zekegame\zekegame\x64\release\zekegame.tlog\meshcontenttask-vsgraphics.9892.write.1.tlog
c:\users\taiki.w\git\mygame\zekegame\zekegame\x64\release\zekegame.tlog\meshcontenttask-vsgraphics.read.1.tlog
c:\users\taiki.w\git\mygame\zekegame\zekegame\x64\release\zekegame.tlog\meshcontenttask-vsgraphics.write.1.tlog
