c:\users\taiki.w\git\mygame\zekegame\zekegame\bulletphysics\src\bulletcollision\x64\release\btcompoundcompoundcollisionalgorithm.obj
c:\users\taiki.w\git\mygame\zekegame\zekegame\bulletphysics\src\bulletcollision\x64\release\btcompoundcollisionalgorithm.obj
c:\users\taiki.w\git\mygame\zekegame\zekegame\bulletphysics\src\bulletcollision\x64\release\btcollisionworldimporter.obj
c:\users\taiki.w\git\mygame\zekegame\zekegame\bulletphysics\src\bulletcollision\x64\release\btcollisionworld.obj
c:\users\taiki.w\git\mygame\zekegame\zekegame\bulletphysics\src\bulletcollision\x64\release\btcollisionobject.obj
c:\users\taiki.w\git\mygame\zekegame\zekegame\bulletphysics\src\bulletcollision\x64\release\btcollisiondispatcher.obj
c:\users\taiki.w\git\mygame\zekegame\zekegame\bulletphysics\src\bulletcollision\x64\release\btboxboxdetector.obj
c:\users\taiki.w\git\mygame\zekegame\zekegame\bulletphysics\src\bulletcollision\x64\release\btboxboxcollisionalgorithm.obj
c:\users\taiki.w\git\mygame\zekegame\zekegame\bulletphysics\src\bulletcollision\x64\release\btbox2dbox2dcollisionalgorithm.obj
c:\users\taiki.w\git\mygame\zekegame\zekegame\bulletphysics\src\bulletcollision\x64\release\btactivatingcollisionalgorithm.obj
c:\users\taiki.w\git\mygame\zekegame\zekegame\bulletphysics\src\bulletcollision\x64\release\btsimplebroadphase.obj
c:\users\taiki.w\git\mygame\zekegame\zekegame\bulletphysics\src\bulletcollision\x64\release\btquantizedbvh.obj
c:\users\taiki.w\git\mygame\zekegame\zekegame\bulletphysics\src\bulletcollision\x64\release\btoverlappingpaircache.obj
c:\users\taiki.w\git\mygame\zekegame\zekegame\bulletphysics\src\bulletcollision\x64\release\btmultisapbroadphase.obj
c:\users\taiki.w\git\mygame\zekegame\zekegame\bulletphysics\src\bulletcollision\x64\release\btdispatcher.obj
c:\users\taiki.w\git\mygame\zekegame\zekegame\bulletphysics\src\bulletcollision\x64\release\btdbvtbroadphase.obj
c:\users\taiki.w\git\mygame\zekegame\zekegame\bulletphysics\src\bulletcollision\x64\release\btdbvt.obj
c:\users\taiki.w\git\mygame\zekegame\zekegame\bulletphysics\src\bulletcollision\x64\release\btcollisionalgorithm.obj
c:\users\taiki.w\git\mygame\zekegame\zekegame\bulletphysics\src\bulletcollision\x64\release\btbroadphaseproxy.obj
c:\users\taiki.w\git\mygame\zekegame\zekegame\bulletphysics\src\bulletcollision\x64\release\btaxissweep3.obj
c:\users\taiki.w\git\mygame\zekegame\zekegame\bulletphysics\src\bulletcollision\x64\release\btcapsuleshape.obj
c:\users\taiki.w\git\mygame\zekegame\zekegame\bulletphysics\src\bulletcollision\x64\release\btbvhtrianglemeshshape.obj
c:\users\taiki.w\git\mygame\zekegame\zekegame\bulletphysics\src\bulletcollision\x64\release\btboxshape.obj
c:\users\taiki.w\git\mygame\zekegame\zekegame\bulletphysics\src\bulletcollision\x64\release\btbox2dshape.obj
c:\users\taiki.w\git\mygame\zekegame\zekegame\bulletphysics\src\bulletcollision\x64\release\spheretriangledetector.obj
c:\users\taiki.w\git\mygame\zekegame\zekegame\bulletphysics\src\bulletcollision\x64\release\btunionfind.obj
c:\users\taiki.w\git\mygame\zekegame\zekegame\bulletphysics\src\bulletcollision\x64\release\btspheretrianglecollisionalgorithm.obj
c:\users\taiki.w\git\mygame\zekegame\zekegame\bulletphysics\src\bulletcollision\x64\release\btspherespherecollisionalgorithm.obj
c:\users\taiki.w\git\mygame\zekegame\zekegame\bulletphysics\src\bulletcollision\x64\release\btsphereboxcollisionalgorithm.obj
c:\users\taiki.w\git\mygame\zekegame\zekegame\bulletphysics\src\bulletcollision\x64\release\btsimulationislandmanager.obj
c:\users\taiki.w\git\mygame\zekegame\zekegame\bulletphysics\src\bulletcollision\x64\release\btmanifoldresult.obj
c:\users\taiki.w\git\mygame\zekegame\zekegame\bulletphysics\src\bulletcollision\x64\release\btinternaledgeutility.obj
c:\users\taiki.w\git\mygame\zekegame\zekegame\bulletphysics\src\bulletcollision\x64\release\bthashedsimplepaircache.obj
c:\users\taiki.w\git\mygame\zekegame\zekegame\bulletphysics\src\bulletcollision\x64\release\btghostobject.obj
c:\users\taiki.w\git\mygame\zekegame\zekegame\bulletphysics\src\bulletcollision\x64\release\btemptycollisionalgorithm.obj
c:\users\taiki.w\git\mygame\zekegame\zekegame\bulletphysics\src\bulletcollision\x64\release\btdefaultcollisionconfiguration.obj
c:\users\taiki.w\git\mygame\zekegame\zekegame\bulletphysics\src\bulletcollision\x64\release\btconvexplanecollisionalgorithm.obj
c:\users\taiki.w\git\mygame\zekegame\zekegame\bulletphysics\src\bulletcollision\x64\release\btconvexconvexalgorithm.obj
c:\users\taiki.w\git\mygame\zekegame\zekegame\bulletphysics\src\bulletcollision\x64\release\btconvexconcavecollisionalgorithm.obj
c:\users\taiki.w\git\mygame\zekegame\zekegame\bulletphysics\src\bulletcollision\x64\release\btconvex2dconvex2dalgorithm.obj
c:\users\taiki.w\git\mygame\zekegame\zekegame\bulletphysics\src\bulletcollision\x64\release\btscaledbvhtrianglemeshshape.obj
c:\users\taiki.w\git\mygame\zekegame\zekegame\bulletphysics\src\bulletcollision\x64\release\btpolyhedralconvexshape.obj
c:\users\taiki.w\git\mygame\zekegame\zekegame\bulletphysics\src\bulletcollision\x64\release\btoptimizedbvh.obj
c:\users\taiki.w\git\mygame\zekegame\zekegame\bulletphysics\src\bulletcollision\x64\release\btmultisphereshape.obj
c:\users\taiki.w\git\mygame\zekegame\zekegame\bulletphysics\src\bulletcollision\x64\release\btmultimaterialtrianglemeshshape.obj
c:\users\taiki.w\git\mygame\zekegame\zekegame\bulletphysics\src\bulletcollision\x64\release\btminkowskisumshape.obj
c:\users\taiki.w\git\mygame\zekegame\zekegame\bulletphysics\src\bulletcollision\x64\release\btheightfieldterrainshape.obj
c:\users\taiki.w\git\mygame\zekegame\zekegame\bulletphysics\src\bulletcollision\x64\release\btemptyshape.obj
c:\users\taiki.w\git\mygame\zekegame\zekegame\bulletphysics\src\bulletcollision\x64\release\btcylindershape.obj
c:\users\taiki.w\git\mygame\zekegame\zekegame\bulletphysics\src\bulletcollision\x64\release\btconvextrianglemeshshape.obj
c:\users\taiki.w\git\mygame\zekegame\zekegame\bulletphysics\src\bulletcollision\x64\release\btconvexshape.obj
c:\users\taiki.w\git\mygame\zekegame\zekegame\bulletphysics\src\bulletcollision\x64\release\btconvexpolyhedron.obj
c:\users\taiki.w\git\mygame\zekegame\zekegame\bulletphysics\src\bulletcollision\x64\release\btconvexpointcloudshape.obj
c:\users\taiki.w\git\mygame\zekegame\zekegame\bulletphysics\src\bulletcollision\x64\release\btconvexinternalshape.obj
c:\users\taiki.w\git\mygame\zekegame\zekegame\bulletphysics\src\bulletcollision\x64\release\btconvexhullshape.obj
c:\users\taiki.w\git\mygame\zekegame\zekegame\bulletphysics\src\bulletcollision\x64\release\btconvex2dshape.obj
c:\users\taiki.w\git\mygame\zekegame\zekegame\bulletphysics\src\bulletcollision\x64\release\btconeshape.obj
c:\users\taiki.w\git\mygame\zekegame\zekegame\bulletphysics\src\bulletcollision\x64\release\btconcaveshape.obj
c:\users\taiki.w\git\mygame\zekegame\zekegame\bulletphysics\src\bulletcollision\x64\release\btcompoundshape.obj
c:\users\taiki.w\git\mygame\zekegame\zekegame\bulletphysics\src\bulletcollision\x64\release\btcollisionshape.obj
c:\users\taiki.w\git\mygame\zekegame\zekegame\bulletphysics\src\bulletcollision\x64\release\bulletcollision.tlog\cl.command.1.tlog
c:\users\taiki.w\git\mygame\zekegame\zekegame\bulletphysics\src\bulletcollision\x64\release\bulletcollision.tlog\cl.read.1.tlog
c:\users\taiki.w\git\mygame\zekegame\zekegame\bulletphysics\src\bulletcollision\x64\release\bulletcollision.tlog\cl.write.1.tlog
